TeamCode/build/intermediates/manifest_merge_blame_file/release/manifest-merger-blame-release-report.txt
1<?xml version="1.0" encoding="utf-8"?>
2<!--
3 Note: the actual manifest file used in your APK merges this file with contributions
4     from the modules on which your app depends (such as FtcRobotController, etc).
5     So it won't ultimately be as empty as it might here appear to be :-)
6-->
7<!-- The package name here determines the package for your R class and your BuildConfig class -->
8<manifest xmlns:android="http://schemas.android.com/apk/res/android"
9    package="com.qualcomm.ftcrobotcontroller"
10    android:versionCode="49"
11    android:versionName="8.1.1" >
12
13    <uses-sdk
14        android:minSdkVersion="23"
14-->src/main/AndroidManifest.xml
15        android:targetSdkVersion="28" />
15-->src/main/AndroidManifest.xml
16
17    <uses-permission android:name="android.permission.RECEIVE_BOOT_COMPLETED" />
17-->[:FtcRobotController] AndroidManifest.xml:12:5-81
17-->[:FtcRobotController] AndroidManifest.xml:12:22-78
18    <uses-permission
18-->[org.firstinspires.ftc:Blocks:8.1.1] AndroidManifest.xml:11:5-13:35
19        android:name="android.permission.WRITE_EXTERNAL_STORAGE"
19-->[org.firstinspires.ftc:Blocks:8.1.1] AndroidManifest.xml:12:9-65
20        android:required="true" />
20-->[org.firstinspires.ftc:Blocks:8.1.1] AndroidManifest.xml:13:9-32
21    <uses-permission
21-->[org.firstinspires.ftc:Blocks:8.1.1] AndroidManifest.xml:14:5-16:35
22        android:name="android.permission.READ_EXTERNAL_STORAGE"
22-->[org.firstinspires.ftc:Blocks:8.1.1] AndroidManifest.xml:15:9-64
23        android:required="true" />
23-->[org.firstinspires.ftc:Blocks:8.1.1] AndroidManifest.xml:16:9-32
24    <uses-permission
24-->[org.firstinspires.ftc:FtcCommon:8.1.1] AndroidManifest.xml:12:5-76
25        android:name="android.permission.ACCESS_WIFI_STATE"
25-->[org.firstinspires.ftc:FtcCommon:8.1.1] AndroidManifest.xml:12:22-73
26        android:required="true" />
26-->[org.firstinspires.ftc:RobotCore:8.1.1] AndroidManifest.xml:13:9-32
27    <uses-permission
27-->[org.firstinspires.ftc:FtcCommon:8.1.1] AndroidManifest.xml:19:5-21:35
28        android:name="android.permission.WRITE_SETTINGS"
28-->[org.firstinspires.ftc:FtcCommon:8.1.1] AndroidManifest.xml:20:9-57
29        android:required="true" />
29-->[org.firstinspires.ftc:FtcCommon:8.1.1] AndroidManifest.xml:21:9-32
30    <uses-permission android:name="android.permission.BLUETOOTH_ADMIN" />
30-->[org.firstinspires.ftc:Inspection:8.1.1] AndroidManifest.xml:12:5-74
30-->[org.firstinspires.ftc:Inspection:8.1.1] AndroidManifest.xml:12:22-71
31    <uses-permission
31-->[org.firstinspires.ftc:Inspection:8.1.1] AndroidManifest.xml:13:5-76
32        android:name="android.permission.CHANGE_WIFI_STATE"
32-->[org.firstinspires.ftc:Inspection:8.1.1] AndroidManifest.xml:13:22-73
33        android:required="true" />
33-->[org.firstinspires.ftc:RobotCore:8.1.1] AndroidManifest.xml:16:9-32
34    <uses-permission
34-->[org.firstinspires.ftc:Inspection:8.1.1] AndroidManifest.xml:14:5-79
35        android:name="android.permission.CHANGE_NETWORK_STATE"
35-->[org.firstinspires.ftc:Inspection:8.1.1] AndroidManifest.xml:14:22-76
36        android:required="true" />
36-->[org.firstinspires.ftc:RobotCore:8.1.1] AndroidManifest.xml:22:9-32
37    <uses-permission
37-->[org.firstinspires.ftc:Inspection:8.1.1] AndroidManifest.xml:15:5-67
38        android:name="android.permission.INTERNET"
38-->[org.firstinspires.ftc:Inspection:8.1.1] AndroidManifest.xml:15:22-64
39        android:required="true" />
39-->[org.firstinspires.ftc:RobotCore:8.1.1] AndroidManifest.xml:25:9-32
40    <uses-permission
40-->[org.firstinspires.ftc:Inspection:8.1.1] AndroidManifest.xml:16:5-79
41        android:name="android.permission.ACCESS_NETWORK_STATE"
41-->[org.firstinspires.ftc:Inspection:8.1.1] AndroidManifest.xml:16:22-76
42        android:required="true" />
42-->[org.firstinspires.ftc:RobotCore:8.1.1] AndroidManifest.xml:19:9-32
43    <uses-permission android:name="android.permission.BLUETOOTH" /> <!-- see AppUtil.setTimeZone() -->
43-->[org.firstinspires.ftc:Inspection:8.1.1] AndroidManifest.xml:17:5-68
43-->[org.firstinspires.ftc:Inspection:8.1.1] AndroidManifest.xml:17:22-65
44    <uses-permission
44-->[org.firstinspires.ftc:RobotCore:8.1.1] AndroidManifest.xml:42:5-44:35
45        android:name="android.permission.SET_TIME_ZONE"
45-->[org.firstinspires.ftc:RobotCore:8.1.1] AndroidManifest.xml:43:9-56
46        android:required="true" />
46-->[org.firstinspires.ftc:RobotCore:8.1.1] AndroidManifest.xml:44:9-32
47    <!--
48  Note: we suspect that this (android.permission.WAKE_LOCK) is no
49  longer needed, but haven't yet found the time necessary to verify
50  that assertion before removing it
51    -->
52    <uses-permission
52-->[org.firstinspires.ftc:RobotCore:8.1.1] AndroidManifest.xml:51:5-53:35
53        android:name="android.permission.WAKE_LOCK"
53-->[org.firstinspires.ftc:RobotCore:8.1.1] AndroidManifest.xml:52:9-52
54        android:required="true" />
54-->[org.firstinspires.ftc:RobotCore:8.1.1] AndroidManifest.xml:53:9-32
55    <uses-permission android:name="android.permission.CAMERA" />
55-->[org.firstinspires.ftc:RobotCore:8.1.1] AndroidManifest.xml:54:5-65
55-->[org.firstinspires.ftc:RobotCore:8.1.1] AndroidManifest.xml:54:22-62
56    <uses-permission
56-->[org.firstinspires.ftc:RobotCore:8.1.1] AndroidManifest.xml:55:5-57:35
57        android:name="android.permission.ACCESS_COARSE_LOCATION"
57-->[org.firstinspires.ftc:RobotCore:8.1.1] AndroidManifest.xml:56:9-65
58        android:required="true" />
58-->[org.firstinspires.ftc:RobotCore:8.1.1] AndroidManifest.xml:57:9-32
59    <uses-permission
59-->[org.firstinspires.ftc:RobotCore:8.1.1] AndroidManifest.xml:58:5-60:35
60        android:name="android.permission.ACCESS_FINE_LOCATION"
60-->[org.firstinspires.ftc:RobotCore:8.1.1] AndroidManifest.xml:59:9-63
61        android:required="true" />
61-->[org.firstinspires.ftc:RobotCore:8.1.1] AndroidManifest.xml:60:9-32
62    <uses-permission
62-->[org.firstinspires.ftc:RobotCore:8.1.1] AndroidManifest.xml:61:5-63:35
63        android:name="android.permission.READ_PHONE_STATE"
63-->[org.firstinspires.ftc:RobotCore:8.1.1] AndroidManifest.xml:62:9-59
64        android:required="true" />
64-->[org.firstinspires.ftc:RobotCore:8.1.1] AndroidManifest.xml:63:9-32
65    <uses-permission
65-->[org.firstinspires.ftc:RobotCore:8.1.1] AndroidManifest.xml:66:5-68:35
66        android:name="com.revrobotics.permission.UPDATE_CONTROL_HUB"
66-->[org.firstinspires.ftc:RobotCore:8.1.1] AndroidManifest.xml:67:9-69
67        android:required="true" />
67-->[org.firstinspires.ftc:RobotCore:8.1.1] AndroidManifest.xml:68:9-32
68
69    <uses-feature android:name="android.hardware.usb.accessory" />
69-->[org.firstinspires.ftc:RobotCore:8.1.1] AndroidManifest.xml:70:5-67
69-->[org.firstinspires.ftc:RobotCore:8.1.1] AndroidManifest.xml:70:19-64
70    <uses-feature android:glEsVersion="0x00020000" />
70-->[org.firstinspires.ftc:RobotCore:8.1.1] AndroidManifest.xml:71:5-54
70-->[org.firstinspires.ftc:RobotCore:8.1.1] AndroidManifest.xml:71:19-51
71    <!--
72        NOTE: Any application that requests the CAMERA permission but does not
73        declare any camera features with the <uses-feature> element will be
74        assumed to use all camera features (auto-focus and flash). Thus, the
75        application will not be compatible with devices that do not support
76        all camera features. We use <uses-feature> to declare only the
77        camera features that our application does need. For instance, if you
78        request the CAMERA permission, but you do not need auto-focus or
79        flash, then declare only the android.hardware.camera feature. The
80        other camera features that you do not request will no longer be
81        assumed as required.
82    -->
83    <uses-feature android:name="android.hardware.camera" />
83-->[org.firstinspires.ftc:RobotCore:8.1.1] AndroidManifest.xml:85:5-60
83-->[org.firstinspires.ftc:RobotCore:8.1.1] AndroidManifest.xml:85:19-57
84    <uses-feature
84-->[com.journeyapps:zxing-android-embedded:4.3.0] AndroidManifest.xml:28:5-30:36
85        android:name="android.hardware.camera.front"
85-->[com.journeyapps:zxing-android-embedded:4.3.0] AndroidManifest.xml:29:9-53
86        android:required="false" /> <!-- TODO replace above two with next line after Android 4.2 -->
86-->[com.journeyapps:zxing-android-embedded:4.3.0] AndroidManifest.xml:30:9-33
87    <!-- <uses-feature android:name="android.hardware.camera.any"/> -->
88    <uses-feature
88-->[com.journeyapps:zxing-android-embedded:4.3.0] AndroidManifest.xml:33:5-35:36
89        android:name="android.hardware.camera.autofocus"
89-->[com.journeyapps:zxing-android-embedded:4.3.0] AndroidManifest.xml:34:9-57
90        android:required="false" />
90-->[com.journeyapps:zxing-android-embedded:4.3.0] AndroidManifest.xml:35:9-33
91    <uses-feature
91-->[com.journeyapps:zxing-android-embedded:4.3.0] AndroidManifest.xml:36:5-38:36
92        android:name="android.hardware.camera.flash"
92-->[com.journeyapps:zxing-android-embedded:4.3.0] AndroidManifest.xml:37:9-53
93        android:required="false" />
93-->[com.journeyapps:zxing-android-embedded:4.3.0] AndroidManifest.xml:38:9-33
94    <uses-feature
94-->[com.journeyapps:zxing-android-embedded:4.3.0] AndroidManifest.xml:39:5-41:36
95        android:name="android.hardware.screen.landscape"
95-->[com.journeyapps:zxing-android-embedded:4.3.0] AndroidManifest.xml:40:9-57
96        android:required="false" />
96-->[com.journeyapps:zxing-android-embedded:4.3.0] AndroidManifest.xml:41:9-33
97    <uses-feature
97-->[com.journeyapps:zxing-android-embedded:4.3.0] AndroidManifest.xml:42:5-44:36
98        android:name="android.hardware.wifi"
98-->[com.journeyapps:zxing-android-embedded:4.3.0] AndroidManifest.xml:43:9-45
99        android:required="false" />
99-->[com.journeyapps:zxing-android-embedded:4.3.0] AndroidManifest.xml:44:9-33
100
101    <application
101-->src/main/AndroidManifest.xml:10:5-19
102        android:name="org.firstinspires.ftc.robotcore.internal.system.RobotApplication"
102-->[org.firstinspires.ftc:RobotCore:8.1.1] AndroidManifest.xml:87:18-97
103        android:allowBackup="true"
103-->[:FtcRobotController] AndroidManifest.xml:15:9-35
104        android:appComponentFactory="androidx.core.app.CoreComponentFactory"
104-->[androidx.core:core:1.3.0] AndroidManifest.xml:24:18-86
105        android:icon="@drawable/ic_launcher"
105-->[:FtcRobotController] AndroidManifest.xml:16:9-45
106        android:label="@string/app_name"
106-->[:FtcRobotController] AndroidManifest.xml:17:9-41
107        android:largeHeap="true"
107-->[:FtcRobotController] AndroidManifest.xml:18:9-33
108        android:theme="@style/AppThemeRedRC"
108-->[:FtcRobotController] AndroidManifest.xml:19:9-45
109        android:usesCleartextTraffic="true" > <!-- Indicates to the ControlHubUpdater what the latest version of the Control Hub is that this app supports -->
109-->[:FtcRobotController] AndroidManifest.xml:20:9-44
110        <meta-data
110-->[:FtcRobotController] AndroidManifest.xml:23:9-25:33
111            android:name="org.firstinspires.latestSupportedControlHubVersion"
111-->[:FtcRobotController] AndroidManifest.xml:24:13-78
112            android:value="1" /> <!-- The main robot controller activity -->
112-->[:FtcRobotController] AndroidManifest.xml:25:13-30
113        <activity
113-->[:FtcRobotController] AndroidManifest.xml:28:9-39:20
114            android:name="org.firstinspires.ftc.robotcontroller.internal.PermissionValidatorWrapper"
114-->[:FtcRobotController] AndroidManifest.xml:29:13-101
115            android:configChanges="orientation|screenSize"
115-->[:FtcRobotController] AndroidManifest.xml:30:13-59
116            android:label="@string/app_name"
116-->[:FtcRobotController] AndroidManifest.xml:31:13-45
117            android:launchMode="singleTask"
117-->[:FtcRobotController] AndroidManifest.xml:32:13-44
118            android:screenOrientation="fullUser" >
118-->[:FtcRobotController] AndroidManifest.xml:33:13-49
119            <intent-filter>
119-->[:FtcRobotController] AndroidManifest.xml:34:13-38:29
120                <category android:name="android.intent.category.LAUNCHER" />
120-->[:FtcRobotController] AndroidManifest.xml:35:17-77
120-->[:FtcRobotController] AndroidManifest.xml:35:27-74
121
122                <action android:name="android.intent.action.MAIN" />
122-->[:FtcRobotController] AndroidManifest.xml:37:17-69
122-->[:FtcRobotController] AndroidManifest.xml:37:25-66
123            </intent-filter>
124        </activity>
125        <activity
125-->[:FtcRobotController] AndroidManifest.xml:40:9-58:20
126            android:name="org.firstinspires.ftc.robotcontroller.internal.FtcRobotControllerActivity"
126-->[:FtcRobotController] AndroidManifest.xml:41:13-101
127            android:configChanges="orientation|screenSize"
127-->[:FtcRobotController] AndroidManifest.xml:42:13-59
128            android:label="@string/app_name"
128-->[:FtcRobotController] AndroidManifest.xml:43:13-45
129            android:launchMode="singleTask"
129-->[:FtcRobotController] AndroidManifest.xml:44:13-44
130            android:screenOrientation="fullUser" >
130-->[:FtcRobotController] AndroidManifest.xml:45:13-49
131            <intent-filter>
131-->[:FtcRobotController] AndroidManifest.xml:46:13-48:29
132                <action android:name="android.hardware.usb.action.USB_DEVICE_ATTACHED" />
132-->[:FtcRobotController] AndroidManifest.xml:47:17-90
132-->[:FtcRobotController] AndroidManifest.xml:47:25-87
133            </intent-filter>
134
135            <meta-data
135-->[:FtcRobotController] AndroidManifest.xml:50:13-52:57
136                android:name="android.hardware.usb.action.USB_DEVICE_ATTACHED"
136-->[:FtcRobotController] AndroidManifest.xml:51:17-79
137                android:resource="@xml/device_filter" />
137-->[:FtcRobotController] AndroidManifest.xml:52:17-54
138
139            <!-- org.firstinspires.main.entry indicates that this app is compatible with the Dragonboard Control Hub -->
140            <meta-data
140-->[:FtcRobotController] AndroidManifest.xml:55:13-57:40
141                android:name="org.firstinspires.main.entry"
141-->[:FtcRobotController] AndroidManifest.xml:56:17-60
142                android:value="true" />
142-->[:FtcRobotController] AndroidManifest.xml:57:17-37
143        </activity> <!-- The robot controller service in which most of the robot functionality is managed -->
144        <service
144-->[:FtcRobotController] AndroidManifest.xml:61:9-63:38
145            android:name="com.qualcomm.ftccommon.FtcRobotControllerService"
145-->[:FtcRobotController] AndroidManifest.xml:62:13-76
146            android:enabled="true" /> <!-- Assistant that autostarts the robot controller on android boot (if it's supposed to) -->
146-->[:FtcRobotController] AndroidManifest.xml:63:13-35
147        <receiver
147-->[:FtcRobotController] AndroidManifest.xml:66:9-77:20
148            android:name="org.firstinspires.ftc.ftccommon.internal.RunOnBoot"
148-->[:FtcRobotController] AndroidManifest.xml:67:13-78
149            android:enabled="true"
149-->[:FtcRobotController] AndroidManifest.xml:68:13-35
150            android:exported="true"
150-->[:FtcRobotController] AndroidManifest.xml:69:13-36
151            android:permission="android.permission.RECEIVE_BOOT_COMPLETED" >
151-->[:FtcRobotController] AndroidManifest.xml:70:13-75
152            <intent-filter>
152-->[:FtcRobotController] AndroidManifest.xml:71:13-76:29
153                <category android:name="android.intent.category.DEFAULT" />
153-->[:FtcRobotController] AndroidManifest.xml:72:17-76
153-->[:FtcRobotController] AndroidManifest.xml:72:27-73
154
155                <action android:name="android.intent.action.BOOT_COMPLETED" />
155-->[:FtcRobotController] AndroidManifest.xml:74:17-79
155-->[:FtcRobotController] AndroidManifest.xml:74:25-76
156                <action android:name="android.intent.action.QUICKBOOT_POWERON" />
156-->[:FtcRobotController] AndroidManifest.xml:75:17-82
156-->[:FtcRobotController] AndroidManifest.xml:75:25-79
157            </intent-filter>
158        </receiver>
159
160        <activity
160-->[org.firstinspires.ftc:Blocks:8.1.1] AndroidManifest.xml:19:9-23:20
161            android:name="org.firstinspires.ftc.ftccommon.internal.ProgramAndManageActivity"
161-->[org.firstinspires.ftc:Blocks:8.1.1] AndroidManifest.xml:20:13-93
162            android:configChanges="orientation|screenSize"
162-->[org.firstinspires.ftc:Blocks:8.1.1] AndroidManifest.xml:21:13-59
163            android:label="@string/program_and_manage_activity" >
163-->[org.firstinspires.ftc:Blocks:8.1.1] AndroidManifest.xml:22:13-64
164        </activity>
165        <activity
165-->[org.firstinspires.ftc:FtcCommon:8.1.1] AndroidManifest.xml:26:9-30:47
166            android:name="com.qualcomm.ftccommon.StackTraceActivity"
166-->[org.firstinspires.ftc:FtcCommon:8.1.1] AndroidManifest.xml:27:13-69
167            android:configChanges="orientation|screenSize"
167-->[org.firstinspires.ftc:FtcCommon:8.1.1] AndroidManifest.xml:28:13-59
168            android:exported="true"
168-->[org.firstinspires.ftc:FtcCommon:8.1.1] AndroidManifest.xml:29:13-36
169            android:launchMode="singleTask" />
169-->[org.firstinspires.ftc:FtcCommon:8.1.1] AndroidManifest.xml:30:13-44
170        <activity
170-->[org.firstinspires.ftc:FtcCommon:8.1.1] AndroidManifest.xml:31:9-35:20
171            android:name="com.qualcomm.ftccommon.FtcRobotControllerSettingsActivity"
171-->[org.firstinspires.ftc:FtcCommon:8.1.1] AndroidManifest.xml:32:13-85
172            android:exported="true"
172-->[org.firstinspires.ftc:FtcCommon:8.1.1] AndroidManifest.xml:33:13-36
173            android:label="@string/settings_activity" >
173-->[org.firstinspires.ftc:FtcCommon:8.1.1] AndroidManifest.xml:34:13-54
174        </activity>
175        <activity
175-->[org.firstinspires.ftc:FtcCommon:8.1.1] AndroidManifest.xml:36:9-41:20
176            android:name="com.qualcomm.ftccommon.configuration.FtcLoadFileActivity"
176-->[org.firstinspires.ftc:FtcCommon:8.1.1] AndroidManifest.xml:37:13-84
177            android:configChanges="orientation|screenSize"
177-->[org.firstinspires.ftc:FtcCommon:8.1.1] AndroidManifest.xml:38:13-59
178            android:exported="true"
178-->[org.firstinspires.ftc:FtcCommon:8.1.1] AndroidManifest.xml:39:13-36
179            android:label="@string/configure_activity" >
179-->[org.firstinspires.ftc:FtcCommon:8.1.1] AndroidManifest.xml:40:13-55
180        </activity>
181        <activity
181-->[org.firstinspires.ftc:FtcCommon:8.1.1] AndroidManifest.xml:42:9-47:20
182            android:name="com.qualcomm.ftccommon.configuration.ConfigureFromTemplateActivity"
182-->[org.firstinspires.ftc:FtcCommon:8.1.1] AndroidManifest.xml:43:13-94
183            android:configChanges="orientation|screenSize"
183-->[org.firstinspires.ftc:FtcCommon:8.1.1] AndroidManifest.xml:44:13-59
184            android:exported="true"
184-->[org.firstinspires.ftc:FtcCommon:8.1.1] AndroidManifest.xml:45:13-36
185            android:label="@string/title_activity_configfromtemplate" >
185-->[org.firstinspires.ftc:FtcCommon:8.1.1] AndroidManifest.xml:46:13-70
186        </activity>
187        <activity
187-->[org.firstinspires.ftc:FtcCommon:8.1.1] AndroidManifest.xml:48:9-53:20
188            android:name="com.qualcomm.ftccommon.ViewLogsActivity"
188-->[org.firstinspires.ftc:FtcCommon:8.1.1] AndroidManifest.xml:49:13-67
189            android:configChanges="orientation|screenSize"
189-->[org.firstinspires.ftc:FtcCommon:8.1.1] AndroidManifest.xml:50:13-59
190            android:exported="true"
190-->[org.firstinspires.ftc:FtcCommon:8.1.1] AndroidManifest.xml:51:13-36
191            android:label="@string/view_logs_activity" >
191-->[org.firstinspires.ftc:FtcCommon:8.1.1] AndroidManifest.xml:52:13-55
192        </activity>
193        <activity
193-->[org.firstinspires.ftc:FtcCommon:8.1.1] AndroidManifest.xml:54:9-58:20
194            android:name="com.qualcomm.ftccommon.configuration.FtcConfigurationActivity"
194-->[org.firstinspires.ftc:FtcCommon:8.1.1] AndroidManifest.xml:55:13-89
195            android:configChanges="orientation|screenSize"
195-->[org.firstinspires.ftc:FtcCommon:8.1.1] AndroidManifest.xml:56:13-59
196            android:label="@string/app_name" >
196-->[org.firstinspires.ftc:FtcCommon:8.1.1] AndroidManifest.xml:57:13-45
197        </activity>
198        <activity
198-->[org.firstinspires.ftc:FtcCommon:8.1.1] AndroidManifest.xml:59:9-63:20
199            android:name="com.qualcomm.ftccommon.configuration.FtcNewFileActivity"
199-->[org.firstinspires.ftc:FtcCommon:8.1.1] AndroidManifest.xml:60:13-83
200            android:configChanges="orientation|screenSize"
200-->[org.firstinspires.ftc:FtcCommon:8.1.1] AndroidManifest.xml:61:13-59
201            android:label="@string/app_name" >
201-->[org.firstinspires.ftc:FtcCommon:8.1.1] AndroidManifest.xml:62:13-45
202        </activity>
203        <activity
203-->[org.firstinspires.ftc:FtcCommon:8.1.1] AndroidManifest.xml:64:9-68:20
204            android:name="com.qualcomm.ftccommon.FtcAdvancedRCSettingsActivity"
204-->[org.firstinspires.ftc:FtcCommon:8.1.1] AndroidManifest.xml:65:13-80
205            android:exported="true"
205-->[org.firstinspires.ftc:FtcCommon:8.1.1] AndroidManifest.xml:66:13-36
206            android:label="@string/titleAdvancedRCSettings" >
206-->[org.firstinspires.ftc:FtcCommon:8.1.1] AndroidManifest.xml:67:13-60
207        </activity>
208        <activity
208-->[org.firstinspires.ftc:FtcCommon:8.1.1] AndroidManifest.xml:69:9-72:20
209            android:name="com.qualcomm.ftccommon.FtcLynxFirmwareUpdateActivity"
209-->[org.firstinspires.ftc:FtcCommon:8.1.1] AndroidManifest.xml:70:13-80
210            android:exported="true" >
210-->[org.firstinspires.ftc:FtcCommon:8.1.1] AndroidManifest.xml:71:13-36
211        </activity>
212        <activity
212-->[org.firstinspires.ftc:FtcCommon:8.1.1] AndroidManifest.xml:73:9-76:20
213            android:name="com.qualcomm.ftccommon.FtcLynxModuleAddressUpdateActivity"
213-->[org.firstinspires.ftc:FtcCommon:8.1.1] AndroidManifest.xml:74:13-85
214            android:exported="true" >
214-->[org.firstinspires.ftc:FtcCommon:8.1.1] AndroidManifest.xml:75:13-36
215        </activity>
216        <activity
216-->[org.firstinspires.ftc:FtcCommon:8.1.1] AndroidManifest.xml:77:9-81:20
217            android:name="com.qualcomm.ftccommon.FtcWifiDirectChannelSelectorActivity"
217-->[org.firstinspires.ftc:FtcCommon:8.1.1] AndroidManifest.xml:78:13-87
218            android:exported="true"
218-->[org.firstinspires.ftc:FtcCommon:8.1.1] AndroidManifest.xml:79:13-36
219            android:label="@string/title_activity_wifi_channel_selector" >
219-->[org.firstinspires.ftc:FtcCommon:8.1.1] AndroidManifest.xml:80:13-73
220        </activity>
221        <activity
221-->[org.firstinspires.ftc:FtcCommon:8.1.1] AndroidManifest.xml:82:9-86:20
222            android:name="com.qualcomm.ftccommon.FtcWifiDirectRememberedGroupsActivity"
222-->[org.firstinspires.ftc:FtcCommon:8.1.1] AndroidManifest.xml:83:13-88
223            android:exported="true"
223-->[org.firstinspires.ftc:FtcCommon:8.1.1] AndroidManifest.xml:84:13-36
224            android:label="@string/title_activity_wifi_remembered_groups_editor" >
224-->[org.firstinspires.ftc:FtcCommon:8.1.1] AndroidManifest.xml:85:13-81
225        </activity>
226        <activity
226-->[org.firstinspires.ftc:FtcCommon:8.1.1] AndroidManifest.xml:87:9-90:20
227            android:name="com.qualcomm.ftccommon.AboutActivity"
227-->[org.firstinspires.ftc:FtcCommon:8.1.1] AndroidManifest.xml:88:13-64
228            android:label="@string/about_activity" >
228-->[org.firstinspires.ftc:FtcCommon:8.1.1] AndroidManifest.xml:89:13-51
229        </activity>
230        <activity
230-->[org.firstinspires.ftc:FtcCommon:8.1.1] AndroidManifest.xml:91:9-94:20
231            android:name="com.qualcomm.ftccommon.FtcAboutActivity"
231-->[org.firstinspires.ftc:FtcCommon:8.1.1] AndroidManifest.xml:92:13-67
232            android:label="@string/ftc_about_activity" >
232-->[org.firstinspires.ftc:FtcCommon:8.1.1] AndroidManifest.xml:93:13-55
233        </activity>
234        <activity
234-->[org.firstinspires.ftc:FtcCommon:8.1.1] AndroidManifest.xml:95:9-100:20
235            android:name="com.qualcomm.ftccommon.configuration.EditSwapUsbDevices"
235-->[org.firstinspires.ftc:FtcCommon:8.1.1] AndroidManifest.xml:96:13-83
236            android:configChanges="orientation|screenSize"
236-->[org.firstinspires.ftc:FtcCommon:8.1.1] AndroidManifest.xml:97:13-59
237            android:label="@string/edit_swap_devices_activity"
237-->[org.firstinspires.ftc:FtcCommon:8.1.1] AndroidManifest.xml:98:13-63
238            android:windowSoftInputMode="stateHidden" >
238-->[org.firstinspires.ftc:FtcCommon:8.1.1] AndroidManifest.xml:99:13-54
239        </activity>
240        <activity
240-->[org.firstinspires.ftc:FtcCommon:8.1.1] AndroidManifest.xml:101:9-106:20
241            android:name="com.qualcomm.ftccommon.configuration.EditMotorListActivity"
241-->[org.firstinspires.ftc:FtcCommon:8.1.1] AndroidManifest.xml:102:13-86
242            android:configChanges="orientation|screenSize"
242-->[org.firstinspires.ftc:FtcCommon:8.1.1] AndroidManifest.xml:103:13-59
243            android:label="@string/edit_motor_controller_activity"
243-->[org.firstinspires.ftc:FtcCommon:8.1.1] AndroidManifest.xml:104:13-67
244            android:windowSoftInputMode="stateHidden" >
244-->[org.firstinspires.ftc:FtcCommon:8.1.1] AndroidManifest.xml:105:13-54
245        </activity>
246        <activity
246-->[org.firstinspires.ftc:FtcCommon:8.1.1] AndroidManifest.xml:107:9-112:20
247            android:name="com.qualcomm.ftccommon.configuration.EditServoListActivity"
247-->[org.firstinspires.ftc:FtcCommon:8.1.1] AndroidManifest.xml:108:13-86
248            android:configChanges="orientation|screenSize"
248-->[org.firstinspires.ftc:FtcCommon:8.1.1] AndroidManifest.xml:109:13-59
249            android:label="@string/edit_servo_controller_activity"
249-->[org.firstinspires.ftc:FtcCommon:8.1.1] AndroidManifest.xml:110:13-67
250            android:windowSoftInputMode="stateHidden|adjustResize" >
250-->[org.firstinspires.ftc:FtcCommon:8.1.1] AndroidManifest.xml:111:13-67
251        </activity>
252        <activity
252-->[org.firstinspires.ftc:FtcCommon:8.1.1] AndroidManifest.xml:113:9-118:20
253            android:name="com.qualcomm.ftccommon.configuration.EditLynxModuleActivity"
253-->[org.firstinspires.ftc:FtcCommon:8.1.1] AndroidManifest.xml:114:13-87
254            android:configChanges="orientation|screenSize"
254-->[org.firstinspires.ftc:FtcCommon:8.1.1] AndroidManifest.xml:115:13-59
255            android:label="@string/edit_lynx_module_controller_activity"
255-->[org.firstinspires.ftc:FtcCommon:8.1.1] AndroidManifest.xml:116:13-73
256            android:windowSoftInputMode="stateHidden|adjustResize" >
256-->[org.firstinspires.ftc:FtcCommon:8.1.1] AndroidManifest.xml:117:13-67
257        </activity>
258        <activity
258-->[org.firstinspires.ftc:FtcCommon:8.1.1] AndroidManifest.xml:119:9-124:20
259            android:name="com.qualcomm.ftccommon.configuration.EditLynxUsbDeviceActivity"
259-->[org.firstinspires.ftc:FtcCommon:8.1.1] AndroidManifest.xml:120:13-90
260            android:configChanges="orientation|screenSize"
260-->[org.firstinspires.ftc:FtcCommon:8.1.1] AndroidManifest.xml:121:13-59
261            android:label="@string/edit_lynx_usb_device_activity"
261-->[org.firstinspires.ftc:FtcCommon:8.1.1] AndroidManifest.xml:122:13-66
262            android:windowSoftInputMode="stateHidden|adjustResize" >
262-->[org.firstinspires.ftc:FtcCommon:8.1.1] AndroidManifest.xml:123:13-67
263        </activity>
264        <activity
264-->[org.firstinspires.ftc:FtcCommon:8.1.1] AndroidManifest.xml:125:9-130:20
265            android:name="com.qualcomm.ftccommon.configuration.EditWebcamActivity"
265-->[org.firstinspires.ftc:FtcCommon:8.1.1] AndroidManifest.xml:126:13-83
266            android:configChanges="orientation|screenSize"
266-->[org.firstinspires.ftc:FtcCommon:8.1.1] AndroidManifest.xml:127:13-59
267            android:label="@string/edit_webcam_activity"
267-->[org.firstinspires.ftc:FtcCommon:8.1.1] AndroidManifest.xml:128:13-57
268            android:windowSoftInputMode="stateHidden|adjustResize" >
268-->[org.firstinspires.ftc:FtcCommon:8.1.1] AndroidManifest.xml:129:13-67
269        </activity>
270        <activity
270-->[org.firstinspires.ftc:FtcCommon:8.1.1] AndroidManifest.xml:131:9-136:20
271            android:name="com.qualcomm.ftccommon.configuration.EditPWMDevicesActivity"
271-->[org.firstinspires.ftc:FtcCommon:8.1.1] AndroidManifest.xml:132:13-87
272            android:configChanges="orientation|screenSize"
272-->[org.firstinspires.ftc:FtcCommon:8.1.1] AndroidManifest.xml:133:13-59
273            android:label="@string/edit_pwm_devices_activity"
273-->[org.firstinspires.ftc:FtcCommon:8.1.1] AndroidManifest.xml:134:13-62
274            android:windowSoftInputMode="stateHidden|adjustResize" >
274-->[org.firstinspires.ftc:FtcCommon:8.1.1] AndroidManifest.xml:135:13-67
275        </activity>
276        <activity
276-->[org.firstinspires.ftc:FtcCommon:8.1.1] AndroidManifest.xml:137:9-142:20
277            android:name="com.qualcomm.ftccommon.configuration.EditAnalogInputDevicesActivity"
277-->[org.firstinspires.ftc:FtcCommon:8.1.1] AndroidManifest.xml:138:13-95
278            android:configChanges="orientation|screenSize"
278-->[org.firstinspires.ftc:FtcCommon:8.1.1] AndroidManifest.xml:139:13-59
279            android:label="@string/edit_analog_input_devices_activity"
279-->[org.firstinspires.ftc:FtcCommon:8.1.1] AndroidManifest.xml:140:13-71
280            android:windowSoftInputMode="stateHidden|adjustResize" >
280-->[org.firstinspires.ftc:FtcCommon:8.1.1] AndroidManifest.xml:141:13-67
281        </activity>
282        <activity